<?xml version="1.0" encoding="UTF-8"?>
<!-- Generated by org.testng.reporters.JUnitXMLReporter -->
<testsuite hostname="simuns-Air.home" ignored="1" name="my first framework project" tests="6" failures="1" timestamp="01 May 2018 18:46:44 GMT" time="6.89" errors="0">
  <testcase name="mytest" time="4.622" classname="tests.myfirsttest">
    <failure type="java.lang.NullPointerException">
      <![CDATA[java.lang.NullPointerException
at utils.webdriverfuntions.typebyxpath(webdriverfuntions.java:16)
at tests.myfirsttest.mytest(myfirsttest.java:16)
... Removed 25 stack frames]]>
    </failure>
  </testcase> <!-- mytest -->
  <testcase name="d" time="0.003" classname="tests.test2">
    <skipped/>
  </testcase> <!-- d -->
  <testcase name="a" time="0.002" classname="tests.test3"/>
  <testcase name="b" time="0.003" classname="tests.test3"/>
  <testcase name="c" time="0.002" classname="tests.test3"/>
  <testcase name="f" time="0.003" classname="tests.test2"/>
  <testcase name="e" time="0.0" classname="tests.test2">
    <ignored/>
  </testcase> <!-- e -->
</testsuite> <!-- my first framework project -->
