<?xml version="1.0" encoding="UTF-8"?>
<!-- Generated by org.testng.reporters.JUnitXMLReporter -->
<testsuite hostname="simuns-Air.home" ignored="3" name="Test" tests="6" failures="1" timestamp="01 May 2018 18:42:44 GMT" time="5.681" errors="0">
  <testcase name="mytest" time="3.501" classname="tests.myfirsttest">
    <failure type="java.lang.NullPointerException">
      <![CDATA[java.lang.NullPointerException
at utils.webdriverfuntions.typebyxpath(webdriverfuntions.java:16)
at tests.myfirsttest.mytest(myfirsttest.java:16)
... Removed 25 stack frames]]>
    </failure>
  </testcase> <!-- mytest -->
  <testcase name="d" time="0.009" classname="tests.test2">
    <skipped/>
  </testcase> <!-- d -->
  <testcase name="e" time="0.002" classname="tests.test2"/>
  <testcase name="f" time="0.003" classname="tests.test2"/>
  <testcase name="b" time="0.009" classname="tests.test3"/>
  <testcase name="c" time="0.002" classname="tests.test3"/>
  <testcase name="@BeforeTest setUp" time="0.0" classname="base.config">
    <ignored/>
  </testcase> <!-- @BeforeTest setUp -->
  <testcase name="@AfterTest tearDown" time="0.0" classname="base.config">
    <ignored/>
  </testcase> <!-- @AfterTest tearDown -->
  <testcase name="a" time="0.0" classname="tests.test3">
    <ignored/>
  </testcase> <!-- a -->
</testsuite> <!-- Test -->
