<?xml version="1.0" encoding="UTF-8"?>
<testng-results skipped="0" failed="0" ignored="0" total="1" passed="1">
  <reporter-output>
  </reporter-output>
  <suite name="Default suite" duration-ms="66" started-at="2018-04-30T16:33:54Z" finished-at="2018-04-30T16:33:54Z">
    <groups>
    </groups>
    <test name="Default test" duration-ms="66" started-at="2018-04-30T16:33:54Z" finished-at="2018-04-30T16:33:54Z">
      <class name="project1.hw1">
        <test-method status="PASS" signature="cross()[pri:0, instance:project1.hw1@3a82f6ef]" name="cross" duration-ms="12" started-at="2018-04-30T16:33:54Z" finished-at="2018-04-30T16:33:54Z">
          <reporter-output>
          </reporter-output>
        </test-method> <!-- cross -->
      </class> <!-- project1.hw1 -->
    </test> <!-- Default test -->
  </suite> <!-- Default suite -->
</testng-results>
